0 info it worked if it ends with ok
1 verbose cli [ '/usr/bin/node',
1 verbose cli   '/usr/bin/npm',
1 verbose cli   'uninstall',
1 verbose cli   '-g',
1 verbose cli   'create-react-app' ]
2 info using npm@3.5.2
3 info using node@v8.10.0
4 silly loadCurrentTree Starting
5 silly install loadCurrentTree
6 silly install readGlobalPackageData
7 silly install normalizeTree
8 silly loadCurrentTree Finishing
9 silly loadIdealTree Starting
10 silly install loadIdealTree
11 silly cloneCurrentTree Starting
12 silly install cloneCurrentTreeToIdealTree
13 silly cloneCurrentTree Finishing
14 silly loadShrinkwrap Starting
15 silly install loadShrinkwrap
16 silly loadShrinkwrap Finishing
17 silly loadAllDepsIntoIdealTree Starting
18 silly uninstall loadAllDepsIntoIdealtree
19 silly loadAllDepsIntoIdealTree Finishing
20 silly idealTree:prePrune lib
21 silly loadIdealTree Finishing
22 silly currentTree lib
23 silly idealTree lib
24 silly generateActionsToTake Starting
25 silly install generateActionsToTake
26 silly generateActionsToTake Finishing
27 silly diffTrees action count 0
28 silly decomposeActions action count 0
29 silly executeActions Starting
30 silly install executeActions
31 silly doSerial global-install 0
32 silly doParallel fetch 0
33 verbose makeDirectory /home/shivamdesai/.npm/_locks creation not in flight; initializing
34 silly makeDirectory /home/shivamdesai/.npm/_locks uid: 1000 gid: 1000
35 verbose lock using /home/shivamdesai/.npm/_locks/staging-3a08f0df5026584d.lock for /usr/local/lib/node_modules/.staging
36 verbose unlock done using /home/shivamdesai/.npm/_locks/staging-3a08f0df5026584d.lock for /usr/local/lib/node_modules/.staging
37 silly rollbackFailedOptional Starting
38 silly rollbackFailedOptional Finishing
39 silly runTopLevelLifecycles Starting
40 silly runTopLevelLifecycles Finishing
41 silly install printInstalled
42 verbose stack Error: EACCES: permission denied, mkdir '/usr/local/lib/node_modules'
43 verbose cwd /home/shivamdesai/Desktop/rover/react-rover-ui
44 error Linux 5.4.0-113-generic
45 error argv "/usr/bin/node" "/usr/bin/npm" "uninstall" "-g" "create-react-app"
46 error node v8.10.0
47 error npm  v3.5.2
48 error path /usr/local/lib/node_modules
49 error code EACCES
50 error errno -13
51 error syscall mkdir
52 error Error: EACCES: permission denied, mkdir '/usr/local/lib/node_modules'
52 error  { Error: EACCES: permission denied, mkdir '/usr/local/lib/node_modules'
52 error   errno: -13,
52 error   code: 'EACCES',
52 error   syscall: 'mkdir',
52 error   path: '/usr/local/lib/node_modules' }
53 error Please try running this command again as root/Administrator.
54 verbose exit [ -13, true ]
